<?xml version="1.0" encoding="UTF-8"?>
<!-- Generated by org.testng.reporters.JUnitReportReporter -->
<testsuite skipped="0" hostname="LAPTOP-T9271K1D" name="com.munin.TestPages.SignUpPagetTest" tests="1" failures="0" timestamp="2020-04-27T16:54:26 NPT" time="7.310" errors="0">
  <testcase name="SearchForCheeseTest" time="7.310" classname="com.munin.TestPages.SignUpPagetTest"/>
  <system-out/>
</testsuite> <!-- com.munin.TestPages.SignUpPagetTest -->
